<?xml version="1.0" encoding="UTF-8"?>
<!-- Generated by org.testng.reporters.JUnitReportReporter -->
<testsuite hostname="DESKTOP-4PNKHGI" failures="0" tests="4" name="CURA_HealthCare.Home" time="8.089" errors="0" timestamp="2023-11-28T14:25:29 IST" skipped="0">
  <testcase classname="CURA_HealthCare.Home" name="HomePage" time="1.306"/>
  <system-out/>
  <testcase classname="CURA_HealthCare.Home" name="MakeAppointment" time="0.813"/>
  <system-out/>
  <testcase classname="CURA_HealthCare.Home" name="Login" time="2.562"/>
  <system-out/>
  <testcase classname="CURA_HealthCare.Home" name="Appointment" time="3.408"/>
  <system-out/>
</testsuite> <!-- CURA_HealthCare.Home -->
